<?xml version="1.0" encoding="UTF-8"?>
<!-- Generated by org.testng.reporters.JUnitReportReporter -->
<testsuite hostname="COG-WIN-MAC03" failures="0" tests="1" name="testcases.Break" time="40.309" errors="0" timestamp="2023-08-22T04:35:22 IST" skipped="0">
  <testcase classname="testcases.Break" name="AddBreakValidationCheck" time="40.309"/>
  <system-out/>
</testsuite> <!-- testcases.Break -->
