<?xml version="1.0" encoding="UTF-8"?>
<!-- Generated by org.testng.reporters.JUnitReportReporter -->
<testsuite hostname="COG-WIN-MAC03" failures="0" tests="2" name="testcases.Announcement" time="144.512" errors="0" timestamp="2023-08-22T03:18:17 IST" skipped="0">
  <testcase classname="testcases.Announcement" name="ValidationCheck" time="46.908"/>
  <system-out/>
  <testcase classname="testcases.Announcement" name="AddSearchDeleteAnnouncement" time="97.604"/>
  <system-out/>
</testsuite> <!-- testcases.Announcement -->
