<?xml version="1.0" encoding="UTF-8"?>
<!-- Generated by org.testng.reporters.JUnitReportReporter -->
<testsuite hostname="COG-WIN-MAC03" failures="0" tests="2" name="testcases.Announcement" time="155.832" errors="0" timestamp="2023-08-22T02:01:01 IST" skipped="0">
  <testcase classname="testcases.Announcement" name="ValidationCheck" time="50.586"/>
  <system-out/>
  <testcase classname="testcases.Announcement" name="AddSearchDeleteAnnouncement" time="105.246"/>
  <system-out/>
</testsuite> <!-- testcases.Announcement -->
