<?xml version="1.0" encoding="UTF-8"?>
<!-- Generated by org.testng.reporters.JUnitReportReporter -->
<testsuite hostname="COG-WIN-MAC03" failures="0" tests="2" name="testcases.Announcement" time="132.593" errors="0" timestamp="2023-08-22T04:30:53 IST" skipped="0">
  <testcase classname="testcases.Announcement" name="ValidationCheck" time="45.025"/>
  <testcase classname="testcases.Announcement" name="AddSearchDeleteAnnouncement" time="87.568"/>
</testsuite> <!-- testcases.Announcement -->
